#
# There is insufficient memory for the Java Runtime Environment to continue.
# Native memory allocation (malloc) failed to allocate 32744 bytes for Chunk::new
# Possible reasons:
#   The system is out of physical RAM or swap space
#   The process is running with CompressedOops enabled, and the Java Heap may be blocking the growth of the native heap
# Possible solutions:
#   Reduce memory load on the system
#   Increase physical memory or swap space
#   Check if swap backing store is full
#   Decrease Java heap size (-Xmx/-Xms)
#   Decrease number of Java threads
#   Decrease Java thread stack sizes (-Xss)
#   Set larger code cache with -XX:ReservedCodeCacheSize=
#   JVM is running with Unscaled Compressed Oops mode in which the Java heap is
#     placed in the first 4GB address space. The Java Heap base address is the
#     maximum limit for the native heap growth. Please use -XX:HeapBaseMinAddress
#     to set the Java Heap base and to place the Java Heap above 4GB virtual address.
# This output file may be truncated or incomplete.
#
#  Out of Memory Error (arena.cpp:168), pid=15960, tid=12716
#
# JRE version: Java(TM) SE Runtime Environment (21.0.7+8) (build 21.0.7+8-LTS-245)
# Java VM: Java HotSpot(TM) 64-Bit Server VM (21.0.7+8-LTS-245, mixed mode, sharing, tiered, compressed oops, compressed class ptrs, g1 gc, windows-amd64)
# No core dump will be written. Minidumps are not enabled by default on client versions of Windows
#

---------------  S U M M A R Y ------------

Command Line: -javaagent:C:\Program Files\JetBrains\IntelliJ IDEA Community Edition 2024.3.2.2\lib\idea_rt.jar=52227:C:\Program Files\JetBrains\IntelliJ IDEA Community Edition 2024.3.2.2\bin -Dfile.encoding=UTF-8 -Dsun.stdout.encoding=UTF-8 -Dsun.stderr.encoding=UTF-8 in.ankitparmar.portfolio.PortfolioApplication

Host: Intel(R) Core(TM) i7-6600U CPU @ 2.60GHz, 4 cores, 7G,  Windows 11 , 64 bit Build 22000 (10.0.22000.2538)
Time: Wed Jun 11 18:34:28 2025 India Standard Time elapsed time: 117.128442 seconds (0d 0h 1m 57s)

---------------  T H R E A D  ---------------

Current thread (0x000001777ed33ff0):  JavaThread "C2 CompilerThread0" daemon [_thread_in_native, id=12716, stack(0x0000001ac7700000,0x0000001ac7800000) (1024K)]


Current CompileTask:
C2: 117128 4660       4       java.lang.Thread::interrupted (7 bytes)

Stack: [0x0000001ac7700000,0x0000001ac7800000]
Native frames: (J=compiled Java code, j=interpreted, Vv=VM code, C=native code)
V  [jvm.dll+0x6cae19]
V  [jvm.dll+0x855741]
V  [jvm.dll+0x857c6e]
V  [jvm.dll+0x858343]
V  [jvm.dll+0x27e0b6]
V  [jvm.dll+0xc4ecd]
V  [jvm.dll+0xc5403]
V  [jvm.dll+0x6a6afd]
V  [jvm.dll+0x65c065]
V  [jvm.dll+0x65a3dd]
V  [jvm.dll+0x2469b5]
V  [jvm.dll+0x24610f]
V  [jvm.dll+0x1c6efe]
V  [jvm.dll+0x255819]
V  [jvm.dll+0x253daa]
V  [jvm.dll+0x3eebb6]
V  [jvm.dll+0x7ffa1b]
V  [jvm.dll+0x6c94fd]
C  [ucrtbase.dll+0x26c0c]
C  [KERNEL32.DLL+0x153e0]
C  [ntdll.dll+0x485b]


---------------  P R O C E S S  ---------------

Threads class SMR info:
_java_thread_list=0x0000017747b0fd60, length=29, elements={
0x000001777ed1ecc0, 0x000001777ed20720, 0x000001777ed21bf0, 0x000001777ed22640,
0x000001777ed23090, 0x000001777ed23c10, 0x000001777ed33ff0, 0x000001777ed35bc0,
0x000001777ecf3940, 0x000001777f28de40, 0x000001777f164e60, 0x000001777f4d71c0,
0x0000017747f11020, 0x0000017747f11680, 0x0000017747c53560, 0x00000177483126e0,
0x00000177483154d0, 0x0000017748312d70, 0x0000017748313400, 0x0000017748314e40,
0x0000017748313a90, 0x0000017748314120, 0x00000177483147b0, 0x0000017748312050,
0x0000017747c417d0, 0x0000017747c41140, 0x0000017747c3fd90, 0x0000017747c41e60,
0x0000017747c3b560
}

Java Threads: ( => current thread )
  0x000001777ed1ecc0 JavaThread "Reference Handler"          daemon [_thread_blocked, id=14748, stack(0x0000001ac7100000,0x0000001ac7200000) (1024K)]
  0x000001777ed20720 JavaThread "Finalizer"                  daemon [_thread_blocked, id=6204, stack(0x0000001ac7200000,0x0000001ac7300000) (1024K)]
  0x000001777ed21bf0 JavaThread "Signal Dispatcher"          daemon [_thread_blocked, id=14808, stack(0x0000001ac7300000,0x0000001ac7400000) (1024K)]
  0x000001777ed22640 JavaThread "Attach Listener"            daemon [_thread_blocked, id=11844, stack(0x0000001ac7400000,0x0000001ac7500000) (1024K)]
  0x000001777ed23090 JavaThread "Service Thread"             daemon [_thread_blocked, id=16132, stack(0x0000001ac7500000,0x0000001ac7600000) (1024K)]
  0x000001777ed23c10 JavaThread "Monitor Deflation Thread"   daemon [_thread_blocked, id=9992, stack(0x0000001ac7600000,0x0000001ac7700000) (1024K)]
=>0x000001777ed33ff0 JavaThread "C2 CompilerThread0"         daemon [_thread_in_native, id=12716, stack(0x0000001ac7700000,0x0000001ac7800000) (1024K)]
  0x000001777ed35bc0 JavaThread "C1 CompilerThread0"         daemon [_thread_blocked, id=10332, stack(0x0000001ac7800000,0x0000001ac7900000) (1024K)]
  0x000001777ecf3940 JavaThread "Common-Cleaner"             daemon [_thread_blocked, id=3216, stack(0x0000001ac7900000,0x0000001ac7a00000) (1024K)]
  0x000001777f28de40 JavaThread "Monitor Ctrl-Break"         daemon [_thread_in_native, id=7788, stack(0x0000001ac7a00000,0x0000001ac7b00000) (1024K)]
  0x000001777f164e60 JavaThread "Notification Thread"        daemon [_thread_blocked, id=15548, stack(0x0000001ac7b00000,0x0000001ac7c00000) (1024K)]
  0x000001777f4d71c0 JavaThread "Catalina-utility-1"                [_thread_blocked, id=11020, stack(0x0000001ac7f00000,0x0000001ac8000000) (1024K)]
  0x0000017747f11020 JavaThread "Catalina-utility-2"                [_thread_blocked, id=16144, stack(0x0000001ac8200000,0x0000001ac8300000) (1024K)]
  0x0000017747f11680 JavaThread "container-0"                       [_thread_blocked, id=1116, stack(0x0000001ac8300000,0x0000001ac8400000) (1024K)]
  0x0000017747c53560 JavaThread "File Watcher"               daemon [_thread_blocked, id=6296, stack(0x0000001ac8400000,0x0000001ac8500000) (1024K)]
  0x00000177483126e0 JavaThread "Live Reload Server"         daemon [_thread_in_native, id=14880, stack(0x0000001ac8500000,0x0000001ac8600000) (1024K)]
  0x00000177483154d0 JavaThread "http-nio-8080-exec-1"       daemon [_thread_blocked, id=4668, stack(0x0000001ac8600000,0x0000001ac8700000) (1024K)]
  0x0000017748312d70 JavaThread "http-nio-8080-exec-2"       daemon [_thread_blocked, id=5008, stack(0x0000001ac8700000,0x0000001ac8800000) (1024K)]
  0x0000017748313400 JavaThread "http-nio-8080-exec-3"       daemon [_thread_blocked, id=11284, stack(0x0000001ac8800000,0x0000001ac8900000) (1024K)]
  0x0000017748314e40 JavaThread "http-nio-8080-exec-4"       daemon [_thread_blocked, id=13788, stack(0x0000001ac8900000,0x0000001ac8a00000) (1024K)]
  0x0000017748313a90 JavaThread "http-nio-8080-exec-5"       daemon [_thread_blocked, id=15912, stack(0x0000001ac8a00000,0x0000001ac8b00000) (1024K)]
  0x0000017748314120 JavaThread "http-nio-8080-exec-6"       daemon [_thread_blocked, id=11708, stack(0x0000001ac8b00000,0x0000001ac8c00000) (1024K)]
  0x00000177483147b0 JavaThread "http-nio-8080-exec-7"       daemon [_thread_blocked, id=6904, stack(0x0000001ac8c00000,0x0000001ac8d00000) (1024K)]
  0x0000017748312050 JavaThread "http-nio-8080-exec-8"       daemon [_thread_blocked, id=9032, stack(0x0000001ac8d00000,0x0000001ac8e00000) (1024K)]
  0x0000017747c417d0 JavaThread "http-nio-8080-exec-9"       daemon [_thread_blocked, id=14652, stack(0x0000001ac8e00000,0x0000001ac8f00000) (1024K)]
  0x0000017747c41140 JavaThread "http-nio-8080-exec-10"      daemon [_thread_blocked, id=14864, stack(0x0000001ac8f00000,0x0000001ac9000000) (1024K)]
  0x0000017747c3fd90 JavaThread "http-nio-8080-Poller"       daemon [_thread_in_native, id=2940, stack(0x0000001ac9000000,0x0000001ac9100000) (1024K)]
  0x0000017747c41e60 JavaThread "http-nio-8080-Acceptor"     daemon [_thread_in_native, id=11420, stack(0x0000001ac9100000,0x0000001ac9200000) (1024K)]
  0x0000017747c3b560 JavaThread "DestroyJavaVM"                     [_thread_blocked, id=3196, stack(0x0000001ac6900000,0x0000001ac6a00000) (1024K)]
Total: 29

Other Threads:
  0x000001777ed035d0 VMThread "VM Thread"                           [id=11140, stack(0x0000001ac7000000,0x0000001ac7100000) (1024K)]
  0x000001777ecf1f40 WatcherThread "VM Periodic Task Thread"        [id=4016, stack(0x0000001ac6f00000,0x0000001ac7000000) (1024K)]
  0x0000017764c83fd0 WorkerThread "GC Thread#0"                     [id=7860, stack(0x0000001ac6a00000,0x0000001ac6b00000) (1024K)]
  0x000001777f6196b0 WorkerThread "GC Thread#1"                     [id=1620, stack(0x0000001ac7c00000,0x0000001ac7d00000) (1024K)]
  0x000001777f619a50 WorkerThread "GC Thread#2"                     [id=8336, stack(0x0000001ac7d00000,0x0000001ac7e00000) (1024K)]
  0x000001777f8e8040 WorkerThread "GC Thread#3"                     [id=1380, stack(0x0000001ac7e00000,0x0000001ac7f00000) (1024K)]
  0x0000017762b39fb0 ConcurrentGCThread "G1 Main Marker"            [id=15876, stack(0x0000001ac6b00000,0x0000001ac6c00000) (1024K)]
  0x0000017762b3c170 WorkerThread "G1 Conc#0"                       [id=3476, stack(0x0000001ac6c00000,0x0000001ac6d00000) (1024K)]
  0x000001777ebb20c0 ConcurrentGCThread "G1 Refine#0"               [id=14992, stack(0x0000001ac6d00000,0x0000001ac6e00000) (1024K)]
  0x0000017764cfbfd0 ConcurrentGCThread "G1 Service"                [id=6332, stack(0x0000001ac6e00000,0x0000001ac6f00000) (1024K)]
Total: 10

Threads with active compile tasks:
C2 CompilerThread0   117239 4660       4       java.lang.Thread::interrupted (7 bytes)
Total: 1

VM state: not at safepoint (normal execution)

VM Mutex/Monitor currently owned by a thread: None

Heap address: 0x0000000081c00000, size: 2020 MB, Compressed Oops mode: 32-bit

CDS archive(s) mapped at: [0x0000017702000000-0x0000017702c90000-0x0000017702c90000), size 13172736, SharedBaseAddress: 0x0000017702000000, ArchiveRelocationMode: 1.
Compressed class space mapped at: 0x0000017703000000-0x0000017743000000, reserved size: 1073741824
Narrow klass base: 0x0000017702000000, Narrow klass shift: 0, Narrow klass range: 0x100000000

GC Precious Log:
 CardTable entry size: 512
 Card Set container configuration: InlinePtr #cards 5 size 8 Array Of Cards #cards 12 size 40 Howl #buckets 4 coarsen threshold 1843 Howl Bitmap #cards 512 size 80 coarsen threshold 460 Card regions per heap region 1 cards per card region 2048
 CPUs: 4 total, 4 available
 Memory: 8072M
 Large Page Support: Disabled
 NUMA Support: Disabled
 Compressed Oops: Enabled (32-bit)
 Heap Region Size: 1M
 Heap Min Capacity: 8M
 Heap Initial Capacity: 128M
 Heap Max Capacity: 2020M
 Pre-touch: Disabled
 Parallel Workers: 4
 Concurrent Workers: 1
 Concurrent Refinement Workers: 4
 Periodic GC: Disabled

Heap:
 garbage-first heap   total 37888K, used 20389K [0x0000000081c00000, 0x0000000100000000)
  region size 1024K, 4 young (4096K), 2 survivors (2048K)
 Metaspace       used 34413K, committed 34944K, reserved 1114112K
  class space    used 4296K, committed 4544K, reserved 1048576K

Heap Regions: E=young(eden), S=young(survivor), O=old, HS=humongous(starts), HC=humongous(continues), CS=collection set, F=free, TAMS=top-at-mark-start, PB=parsable bottom
|   0|0x0000000081c00000, 0x0000000081d00000, 0x0000000081d00000|100%| O|  |TAMS 0x0000000081c00000| PB 0x0000000081c00000| Untracked 
|   1|0x0000000081d00000, 0x0000000081e00000, 0x0000000081e00000|100%| O|  |TAMS 0x0000000081d00000| PB 0x0000000081d00000| Untracked 
|   2|0x0000000081e00000, 0x0000000081f00000, 0x0000000081f00000|100%| O|  |TAMS 0x0000000081e00000| PB 0x0000000081e00000| Untracked 
|   3|0x0000000081f00000, 0x0000000082000000, 0x0000000082000000|100%| O|  |TAMS 0x0000000081f00000| PB 0x0000000081f00000| Untracked 
|   4|0x0000000082000000, 0x0000000082100000, 0x0000000082100000|100%| O|  |TAMS 0x0000000082000000| PB 0x0000000082000000| Untracked 
|   5|0x0000000082100000, 0x0000000082200000, 0x0000000082200000|100%| O|  |TAMS 0x0000000082100000| PB 0x0000000082100000| Untracked 
|   6|0x0000000082200000, 0x0000000082300000, 0x0000000082300000|100%| O|  |TAMS 0x0000000082200000| PB 0x0000000082200000| Untracked 
|   7|0x0000000082300000, 0x0000000082400000, 0x0000000082400000|100%| O|  |TAMS 0x0000000082300000| PB 0x0000000082300000| Untracked 
|   8|0x0000000082400000, 0x0000000082500000, 0x0000000082500000|100%| O|  |TAMS 0x0000000082400000| PB 0x0000000082400000| Untracked 
|   9|0x0000000082500000, 0x0000000082600000, 0x0000000082600000|100%| O|  |TAMS 0x0000000082500000| PB 0x0000000082500000| Untracked 
|  10|0x0000000082600000, 0x0000000082700000, 0x0000000082700000|100%| O|  |TAMS 0x0000000082600000| PB 0x0000000082600000| Untracked 
|  11|0x0000000082700000, 0x0000000082800000, 0x0000000082800000|100%| O|  |TAMS 0x0000000082700000| PB 0x0000000082700000| Untracked 
|  12|0x0000000082800000, 0x0000000082900000, 0x0000000082900000|100%| O|  |TAMS 0x0000000082800000| PB 0x0000000082800000| Untracked 
|  13|0x0000000082900000, 0x0000000082a00000, 0x0000000082a00000|100%| O|  |TAMS 0x0000000082900000| PB 0x0000000082900000| Untracked 
|  14|0x0000000082a00000, 0x0000000082ae9508, 0x0000000082b00000| 91%| O|  |TAMS 0x0000000082a00000| PB 0x0000000082a00000| Untracked 
|  15|0x0000000082b00000, 0x0000000082c00000, 0x0000000082c00000|100%| O|  |TAMS 0x0000000082b00000| PB 0x0000000082b00000| Untracked 
|  16|0x0000000082c00000, 0x0000000082d00000, 0x0000000082d00000|100%| O|  |TAMS 0x0000000082c00000| PB 0x0000000082c00000| Untracked 
|  17|0x0000000082d00000, 0x0000000082d00000, 0x0000000082e00000|  0%| F|  |TAMS 0x0000000082d00000| PB 0x0000000082d00000| Untracked 
|  18|0x0000000082e00000, 0x0000000082e00000, 0x0000000082f00000|  0%| F|  |TAMS 0x0000000082e00000| PB 0x0000000082e00000| Untracked 
|  19|0x0000000082f00000, 0x0000000082f00000, 0x0000000083000000|  0%| F|  |TAMS 0x0000000082f00000| PB 0x0000000082f00000| Untracked 
|  20|0x0000000083000000, 0x0000000083000000, 0x0000000083100000|  0%| F|  |TAMS 0x0000000083000000| PB 0x0000000083000000| Untracked 
|  21|0x0000000083100000, 0x0000000083200000, 0x0000000083200000|100%| S|CS|TAMS 0x0000000083100000| PB 0x0000000083100000| Complete 
|  22|0x0000000083200000, 0x0000000083300000, 0x0000000083300000|100%| S|CS|TAMS 0x0000000083200000| PB 0x0000000083200000| Complete 
|  23|0x0000000083300000, 0x0000000083300000, 0x0000000083400000|  0%| F|  |TAMS 0x0000000083300000| PB 0x0000000083300000| Untracked 
|  24|0x0000000083400000, 0x0000000083400000, 0x0000000083500000|  0%| F|  |TAMS 0x0000000083400000| PB 0x0000000083400000| Untracked 
|  25|0x0000000083500000, 0x0000000083500000, 0x0000000083600000|  0%| F|  |TAMS 0x0000000083500000| PB 0x0000000083500000| Untracked 
|  26|0x0000000083600000, 0x0000000083600000, 0x0000000083700000|  0%| F|  |TAMS 0x0000000083600000| PB 0x0000000083600000| Untracked 
|  27|0x0000000083700000, 0x0000000083700000, 0x0000000083800000|  0%| F|  |TAMS 0x0000000083700000| PB 0x0000000083700000| Untracked 
|  28|0x0000000083800000, 0x0000000083800000, 0x0000000083900000|  0%| F|  |TAMS 0x0000000083800000| PB 0x0000000083800000| Untracked 
|  29|0x0000000083900000, 0x0000000083900000, 0x0000000083a00000|  0%| F|  |TAMS 0x0000000083900000| PB 0x0000000083900000| Untracked 
|  58|0x0000000085600000, 0x0000000085600000, 0x0000000085700000|  0%| F|  |TAMS 0x0000000085600000| PB 0x0000000085600000| Untracked 
|  59|0x0000000085700000, 0x0000000085700000, 0x0000000085800000|  0%| F|  |TAMS 0x0000000085700000| PB 0x0000000085700000| Untracked 
|  60|0x0000000085800000, 0x0000000085800000, 0x0000000085900000|  0%| F|  |TAMS 0x0000000085800000| PB 0x0000000085800000| Untracked 
|  61|0x0000000085900000, 0x0000000085900000, 0x0000000085a00000|  0%| F|  |TAMS 0x0000000085900000| PB 0x0000000085900000| Untracked 
|  62|0x0000000085a00000, 0x0000000085a00000, 0x0000000085b00000|  0%| F|  |TAMS 0x0000000085a00000| PB 0x0000000085a00000| Untracked 
|  63|0x0000000085b00000, 0x0000000085b75528, 0x0000000085c00000| 45%| E|  |TAMS 0x0000000085b00000| PB 0x0000000085b00000| Complete 
|  64|0x0000000085c00000, 0x0000000085d00000, 0x0000000085d00000|100%| E|CS|TAMS 0x0000000085c00000| PB 0x0000000085c00000| Complete 

Card table byte_map: [0x000001777c4d0000,0x000001777c8d0000] _byte_map_base: 0x000001777c0c2000

Marking Bits: (CMBitMap*) 0x0000017764c856e0
 Bits: [0x000001777c8d0000, 0x000001777e860000)

Polling page: 0x0000017762b70000

Metaspace:

Usage:
  Non-class:     29.41 MB used.
      Class:      4.20 MB used.
       Both:     33.61 MB used.

Virtual space:
  Non-class space:       64.00 MB reserved,      29.69 MB ( 46%) committed,  1 nodes.
      Class space:        1.00 GB reserved,       4.44 MB ( <1%) committed,  1 nodes.
             Both:        1.06 GB reserved,      34.12 MB (  3%) committed. 

Chunk freelists:
   Non-Class:  1.56 MB
       Class:  11.45 MB
        Both:  13.02 MB

MaxMetaspaceSize: unlimited
CompressedClassSpaceSize: 1.00 GB
Initial GC threshold: 21.00 MB
Current GC threshold: 35.12 MB
CDS: on
 - commit_granule_bytes: 65536.
 - commit_granule_words: 8192.
 - virtual_space_node_default_size: 8388608.
 - enlarge_chunks_in_place: 1.
 - use_allocation_guard: 0.


Internal statistics:

num_allocs_failed_limit: 3.
num_arena_births: 742.
num_arena_deaths: 0.
num_vsnodes_births: 2.
num_vsnodes_deaths: 0.
num_space_committed: 546.
num_space_uncommitted: 0.
num_chunks_returned_to_freelist: 3.
num_chunks_taken_from_freelist: 2026.
num_chunk_merges: 3.
num_chunk_splits: 1351.
num_chunks_enlarged: 944.
num_inconsistent_stats: 0.

CodeHeap 'non-profiled nmethods': size=120000Kb used=2380Kb max_used=2380Kb free=117619Kb
 bounds [0x0000017774ba0000, 0x0000017774e10000, 0x000001777c0d0000]
CodeHeap 'profiled nmethods': size=120000Kb used=9494Kb max_used=9494Kb free=110506Kb
 bounds [0x000001776d0d0000, 0x000001776da20000, 0x0000017774600000]
CodeHeap 'non-nmethods': size=5760Kb used=1530Kb max_used=1550Kb free=4229Kb
 bounds [0x0000017774600000, 0x0000017774870000, 0x0000017774ba0000]
 total_blobs=5250 nmethods=4652 adapters=501
 compilation: enabled
              stopped_count=0, restarted_count=0
 full_count=0

Compilation events (20 events):
Event: 96.128 Thread 0x000001777ed35bc0 nmethod 4650 0x000001776da11f10 code [0x000001776da12140, 0x000001776da12890]
Event: 97.058 Thread 0x000001777ed35bc0 4651   !   3       java.util.concurrent.locks.AbstractQueuedSynchronizer$ConditionObject::newConditionNode (78 bytes)
Event: 97.060 Thread 0x000001777ed35bc0 nmethod 4651 0x000001776da12a10 code [0x000001776da12c80, 0x000001776da13478]
Event: 97.060 Thread 0x000001777ed35bc0 4652       3       java.util.concurrent.locks.AbstractQueuedSynchronizer$ConditionObject::enableWait (84 bytes)
Event: 97.061 Thread 0x000001777ed35bc0 nmethod 4652 0x000001776da13710 code [0x000001776da13940, 0x000001776da14098]
Event: 97.069 Thread 0x000001777ed35bc0 4653       1       org.apache.catalina.LifecycleEvent::getType (5 bytes)
Event: 97.069 Thread 0x000001777ed35bc0 nmethod 4653 0x0000017774df1e90 code [0x0000017774df2020, 0x0000017774df20e8]
Event: 109.021 Thread 0x000001777ed35bc0 4654       3       java.util.concurrent.ConcurrentHashMap$KeySetView::iterator (34 bytes)
Event: 109.022 Thread 0x000001777ed35bc0 nmethod 4654 0x000001776da14310 code [0x000001776da144c0, 0x000001776da146f0]
Event: 109.022 Thread 0x000001777ed35bc0 4655       3       java.util.concurrent.ConcurrentHashMap$KeyIterator::<init> (12 bytes)
Event: 109.022 Thread 0x000001777ed35bc0 nmethod 4655 0x000001776da14810 code [0x000001776da149c0, 0x000001776da14af8]
Event: 109.625 Thread 0x000001777ed33ff0 4656       4       org.springframework.boot.devtools.filewatch.FileSnapshot::hashCode (49 bytes)
Event: 109.660 Thread 0x000001777ed33ff0 nmethod 4656 0x0000017774df2190 code [0x0000017774df2380, 0x0000017774df2dd0]
Event: 115.835 Thread 0x000001777ed35bc0 4657       3       java.nio.channels.spi.AbstractSelector::isOpen (13 bytes)
Event: 115.836 Thread 0x000001777ed35bc0 nmethod 4657 0x000001776da14b90 code [0x000001776da14d20, 0x000001776da14e88]
Event: 115.836 Thread 0x000001777ed35bc0 4658       3       java.lang.System$2::blockedOn (5 bytes)
Event: 115.836 Thread 0x000001777ed35bc0 nmethod 4658 0x000001776da14f10 code [0x000001776da150c0, 0x000001776da151f8]
Event: 116.848 Thread 0x000001777ed35bc0 4659       3       java.nio.channels.spi.AbstractInterruptibleChannel::blockedOn (10 bytes)
Event: 116.849 Thread 0x000001777ed35bc0 nmethod 4659 0x000001776da15290 code [0x000001776da15460, 0x000001776da15690]
Event: 117.121 Thread 0x000001777ed33ff0 4660       4       java.lang.Thread::interrupted (7 bytes)

GC Heap History (14 events):
Event: 2.589 GC heap before
{Heap before GC invocations=0 (full 0):
 garbage-first heap   total 131072K, used 13312K [0x0000000081c00000, 0x0000000100000000)
  region size 1024K, 13 young (13312K), 0 survivors (0K)
 Metaspace       used 3911K, committed 4096K, reserved 1114112K
  class space    used 433K, committed 512K, reserved 1048576K
}
Event: 2.598 GC heap after
{Heap after GC invocations=1 (full 0):
 garbage-first heap   total 131072K, used 3759K [0x0000000081c00000, 0x0000000100000000)
  region size 1024K, 2 young (2048K), 2 survivors (2048K)
 Metaspace       used 3911K, committed 4096K, reserved 1114112K
  class space    used 433K, committed 512K, reserved 1048576K
}
Event: 4.513 GC heap before
{Heap before GC invocations=1 (full 0):
 garbage-first heap   total 131072K, used 19119K [0x0000000081c00000, 0x0000000100000000)
  region size 1024K, 18 young (18432K), 2 survivors (2048K)
 Metaspace       used 8280K, committed 8512K, reserved 1114112K
  class space    used 996K, committed 1088K, reserved 1048576K
}
Event: 4.521 GC heap after
{Heap after GC invocations=2 (full 0):
 garbage-first heap   total 131072K, used 5418K [0x0000000081c00000, 0x0000000100000000)
  region size 1024K, 2 young (2048K), 2 survivors (2048K)
 Metaspace       used 8280K, committed 8512K, reserved 1114112K
  class space    used 996K, committed 1088K, reserved 1048576K
}
Event: 11.884 GC heap before
{Heap before GC invocations=2 (full 0):
 garbage-first heap   total 131072K, used 65834K [0x0000000081c00000, 0x0000000100000000)
  region size 1024K, 63 young (64512K), 2 survivors (2048K)
 Metaspace       used 21147K, committed 21504K, reserved 1114112K
  class space    used 2588K, committed 2752K, reserved 1048576K
}
Event: 11.917 GC heap after
{Heap after GC invocations=3 (full 0):
 garbage-first heap   total 131072K, used 11018K [0x0000000081c00000, 0x0000000100000000)
  region size 1024K, 7 young (7168K), 7 survivors (7168K)
 Metaspace       used 21147K, committed 21504K, reserved 1114112K
  class space    used 2588K, committed 2752K, reserved 1048576K
}
Event: 14.177 GC heap before
{Heap before GC invocations=4 (full 0):
 garbage-first heap   total 37888K, used 26378K [0x0000000081c00000, 0x0000000100000000)
  region size 1024K, 22 young (22528K), 7 survivors (7168K)
 Metaspace       used 24629K, committed 25024K, reserved 1114112K
  class space    used 3045K, committed 3200K, reserved 1048576K
}
Event: 14.194 GC heap after
{Heap after GC invocations=5 (full 0):
 garbage-first heap   total 37888K, used 13013K [0x0000000081c00000, 0x0000000100000000)
  region size 1024K, 3 young (3072K), 3 survivors (3072K)
 Metaspace       used 24629K, committed 25024K, reserved 1114112K
  class space    used 3045K, committed 3200K, reserved 1048576K
}
Event: 17.624 GC heap before
{Heap before GC invocations=5 (full 0):
 garbage-first heap   total 37888K, used 28373K [0x0000000081c00000, 0x0000000100000000)
  region size 1024K, 18 young (18432K), 3 survivors (3072K)
 Metaspace       used 27501K, committed 27968K, reserved 1114112K
  class space    used 3420K, committed 3648K, reserved 1048576K
}
Event: 17.641 GC heap after
{Heap after GC invocations=6 (full 0):
 garbage-first heap   total 37888K, used 15135K [0x0000000081c00000, 0x0000000100000000)
  region size 1024K, 2 young (2048K), 2 survivors (2048K)
 Metaspace       used 27501K, committed 27968K, reserved 1114112K
  class space    used 3420K, committed 3648K, reserved 1048576K
}
Event: 40.921 GC heap before
{Heap before GC invocations=6 (full 0):
 garbage-first heap   total 37888K, used 30495K [0x0000000081c00000, 0x0000000100000000)
  region size 1024K, 17 young (17408K), 2 survivors (2048K)
 Metaspace       used 30958K, committed 31552K, reserved 1114112K
  class space    used 3879K, committed 4160K, reserved 1048576K
}
Event: 40.932 GC heap after
{Heap after GC invocations=7 (full 0):
 garbage-first heap   total 37888K, used 16703K [0x0000000081c00000, 0x0000000100000000)
  region size 1024K, 2 young (2048K), 2 survivors (2048K)
 Metaspace       used 30958K, committed 31552K, reserved 1114112K
  class space    used 3879K, committed 4160K, reserved 1048576K
}
Event: 58.822 GC heap before
{Heap before GC invocations=7 (full 0):
 garbage-first heap   total 37888K, used 30015K [0x0000000081c00000, 0x0000000100000000)
  region size 1024K, 16 young (16384K), 2 survivors (2048K)
 Metaspace       used 34391K, committed 34944K, reserved 1114112K
  class space    used 4295K, committed 4544K, reserved 1048576K
}
Event: 58.834 GC heap after
{Heap after GC invocations=8 (full 0):
 garbage-first heap   total 37888K, used 19365K [0x0000000081c00000, 0x0000000100000000)
  region size 1024K, 2 young (2048K), 2 survivors (2048K)
 Metaspace       used 34391K, committed 34944K, reserved 1114112K
  class space    used 4295K, committed 4544K, reserved 1048576K
}

Dll operation events (13 events):
Event: 0.172 Loaded shared library C:\Program Files\Java\jdk-21\bin\java.dll
Event: 0.240 Loaded shared library C:\Program Files\Java\jdk-21\bin\jsvml.dll
Event: 0.476 Loaded shared library C:\Program Files\Java\jdk-21\bin\zip.dll
Event: 0.492 Loaded shared library C:\Program Files\Java\jdk-21\bin\instrument.dll
Event: 0.507 Loaded shared library C:\Program Files\Java\jdk-21\bin\net.dll
Event: 0.512 Loaded shared library C:\Program Files\Java\jdk-21\bin\nio.dll
Event: 0.520 Loaded shared library C:\Program Files\Java\jdk-21\bin\zip.dll
Event: 0.841 Loaded shared library C:\Program Files\JetBrains\IntelliJ IDEA Community Edition 2024.3.2.2\bin\breakgen64.dll
Event: 0.866 Loaded shared library C:\Program Files\Java\jdk-21\bin\extnet.dll
Event: 1.324 Loaded shared library C:\Program Files\Java\jdk-21\bin\jimage.dll
Event: 2.680 Loaded shared library C:\Program Files\Java\jdk-21\bin\management.dll
Event: 2.738 Loaded shared library C:\Program Files\Java\jdk-21\bin\management_ext.dll
Event: 8.192 Loaded shared library C:\Program Files\Java\jdk-21\bin\sunmscapi.dll

Deoptimization events (20 events):
Event: 43.632 Thread 0x00000177483154d0 Uncommon trap: trap_request=0xffffff45 fr.pc=0x0000017774c82564 relative=0x0000000000000844
Event: 43.632 Thread 0x00000177483154d0 Uncommon trap: reason=unstable_if action=reinterpret pc=0x0000017774c82564 method=java.util.HashMap.putVal(ILjava/lang/Object;Ljava/lang/Object;ZZ)Ljava/lang/Object; @ 94 c2
Event: 43.632 Thread 0x00000177483154d0 DEOPT PACKING pc=0x0000017774c82564 sp=0x0000001ac86fd540
Event: 43.632 Thread 0x00000177483154d0 DEOPT UNPACKING pc=0x00000177746546a2 sp=0x0000001ac86fd508 mode 2
Event: 43.703 Thread 0x00000177483154d0 Uncommon trap: trap_request=0xffffff45 fr.pc=0x0000017774ca0820 relative=0x0000000000000240
Event: 43.703 Thread 0x00000177483154d0 Uncommon trap: reason=unstable_if action=reinterpret pc=0x0000017774ca0820 method=java.util.HashMap.getNode(Ljava/lang/Object;)Ljava/util/HashMap$Node; @ 66 c2
Event: 43.703 Thread 0x00000177483154d0 DEOPT PACKING pc=0x0000017774ca0820 sp=0x0000001ac86fcb90
Event: 43.703 Thread 0x00000177483154d0 DEOPT UNPACKING pc=0x00000177746546a2 sp=0x0000001ac86fcaa0 mode 2
Event: 43.749 Thread 0x00000177483154d0 Uncommon trap: trap_request=0xffffff45 fr.pc=0x0000017774c97a88 relative=0x00000000000000e8
Event: 43.749 Thread 0x00000177483154d0 Uncommon trap: reason=unstable_if action=reinterpret pc=0x0000017774c97a88 method=java.lang.Integer.stringSize(I)I @ 3 c2
Event: 43.749 Thread 0x00000177483154d0 DEOPT PACKING pc=0x0000017774c97a88 sp=0x0000001ac86fc7c0
Event: 43.749 Thread 0x00000177483154d0 DEOPT UNPACKING pc=0x00000177746546a2 sp=0x0000001ac86fc748 mode 2
Event: 43.749 Thread 0x00000177483154d0 Uncommon trap: trap_request=0xffffff45 fr.pc=0x0000017774c9f264 relative=0x00000000000001a4
Event: 43.749 Thread 0x00000177483154d0 Uncommon trap: reason=unstable_if action=reinterpret pc=0x0000017774c9f264 method=java.lang.Integer.getChars(II[B)I @ 4 c2
Event: 43.749 Thread 0x00000177483154d0 DEOPT PACKING pc=0x0000017774c9f264 sp=0x0000001ac86fc7a0
Event: 43.749 Thread 0x00000177483154d0 DEOPT UNPACKING pc=0x00000177746546a2 sp=0x0000001ac86fc730 mode 2
Event: 46.298 Thread 0x0000017747c417d0 Uncommon trap: trap_request=0xffffff54 fr.pc=0x0000017774d3e3c0 relative=0x0000000000001420
Event: 46.298 Thread 0x0000017747c417d0 Uncommon trap: reason=speculate_null_assert action=make_not_entrant pc=0x0000017774d3e3c0 method=java.lang.invoke.MethodType$ConcurrentWeakInternSet.add(Ljava/lang/Object;)Ljava/lang/Object; @ 47 c2
Event: 46.298 Thread 0x0000017747c417d0 DEOPT PACKING pc=0x0000017774d3e3c0 sp=0x0000001ac8efdff0
Event: 46.298 Thread 0x0000017747c417d0 DEOPT UNPACKING pc=0x00000177746546a2 sp=0x0000001ac8efdf18 mode 2

Classes loaded (20 events):
Event: 43.473 Loading class java/util/stream/ReferencePipeline$4$1
Event: 43.473 Loading class java/util/stream/ReferencePipeline$4$1 done
Event: 43.529 Loading class java/lang/Throwable$WrappedPrintWriter
Event: 43.529 Loading class java/lang/Throwable$PrintStreamOrWriter
Event: 43.529 Loading class java/lang/Throwable$PrintStreamOrWriter done
Event: 43.529 Loading class java/lang/Throwable$WrappedPrintWriter done
Event: 43.579 Loading class java/util/OptionalLong
Event: 43.580 Loading class java/util/OptionalLong done
Event: 43.580 Loading class java/util/OptionalDouble
Event: 43.580 Loading class java/util/OptionalDouble done
Event: 43.625 Loading class java/util/AbstractMap$SimpleEntry
Event: 43.626 Loading class java/util/AbstractMap$SimpleEntry done
Event: 43.678 Loading class java/util/stream/LongStream
Event: 43.678 Loading class java/util/stream/LongStream done
Event: 43.679 Loading class java/util/stream/DoubleStream
Event: 43.679 Loading class java/util/stream/DoubleStream done
Event: 43.696 Loading class java/io/ObjectOutputStream
Event: 43.697 Loading class java/io/ObjectOutput
Event: 43.697 Loading class java/io/ObjectOutput done
Event: 43.697 Loading class java/io/ObjectOutputStream done

Classes unloaded (0 events):
No events

Classes redefined (0 events):
No events

Internal exceptions (20 events):
Event: 14.660 Thread 0x000001777f642450 Exception <a 'java/lang/NoSuchMethodError'{0x0000000085962908}: 'int java.lang.invoke.DirectMethodHandle$Holder.invokeInterface(java.lang.Object, java.lang.Object, java.lang.Object, java.lang.Object)'> (0x0000000085962908) 
thrown [s\open\src\hotspot\share\interpreter\linkResolver.cpp, line 773]
Event: 15.340 Thread 0x000001777f642450 Exception <a 'java/lang/NoSuchMethodError'{0x0000000085703c58}: 'long java.lang.invoke.DirectMethodHandle$Holder.invokeVirtual(java.lang.Object, java.lang.Object)'> (0x0000000085703c58) 
thrown [s\open\src\hotspot\share\interpreter\linkResolver.cpp, line 773]
Event: 15.368 Thread 0x000001777f642450 Exception <a 'java/io/FileNotFoundException'{0x000000008572ca88}> (0x000000008572ca88) 
thrown [s\open\src\hotspot\share\prims\jni.cpp, line 520]
Event: 15.502 Thread 0x000001777f642450 Exception <a 'java/lang/NoSuchMethodError'{0x00000000856403f8}: 'void java.lang.invoke.DirectMethodHandle$Holder.invokeVirtual(java.lang.Object, java.lang.Object, long)'> (0x00000000856403f8) 
thrown [s\open\src\hotspot\share\interpreter\linkResolver.cpp, line 773]
Event: 15.682 Thread 0x000001777f642450 Exception <a 'java/lang/NoSuchMethodError'{0x000000008384ca98}: 'java.lang.Object java.lang.invoke.DirectMethodHandle$Holder.newInvokeSpecial(java.lang.Object, java.lang.Object, java.lang.Object, java.lang.Object, java.lang.Object, java.lang.Object, java.lang.Object, java.lang.Object)'> (0x000000008384ca98) 
thrown [s\open\src\hotspot\share\interpreter\linkResolver.cpp, line 773]
Event: 16.674 Thread 0x000001777f642450 Exception <a 'java/lang/NoSuchMethodError'{0x00000000834c0808}: 'java.lang.Object java.lang.invoke.DirectMethodHandle$Holder.invokeSpecial(java.lang.Object, java.lang.Object, int, java.lang.Object, java.lang.Object)'> (0x00000000834c0808) 
thrown [s\open\src\hotspot\share\interpreter\linkResolver.cpp, line 773]
Event: 16.674 Thread 0x000001777f642450 Exception <a 'java/lang/NoSuchMethodError'{0x00000000834c44f8}: 'java.lang.Object java.lang.invoke.DelegatingMethodHandle$Holder.delegate(java.lang.Object, int, java.lang.Object, java.lang.Object)'> (0x00000000834c44f8) 
thrown [s\open\src\hotspot\share\interpreter\linkResolver.cpp, line 773]
Event: 16.678 Thread 0x000001777f642450 Exception <a 'java/lang/NoSuchMethodError'{0x00000000834d40a0}: 'int java.lang.invoke.Invokers$Holder.linkToTargetMethod(java.lang.Object, java.lang.Object, java.lang.Object)'> (0x00000000834d40a0) 
thrown [s\open\src\hotspot\share\interpreter\linkResolver.cpp, line 773]
Event: 17.536 Thread 0x000001777f642450 Exception <a 'java/lang/IncompatibleClassChangeError'{0x00000000832c48e8}: Found class java.lang.Object, but interface was expected> (0x00000000832c48e8) 
thrown [s\open\src\hotspot\share\interpreter\linkResolver.cpp, line 840]
Event: 18.797 Thread 0x000001777f642450 Exception <a 'java/lang/NoSuchMethodError'{0x0000000085af5650}: 'int java.lang.invoke.DirectMethodHandle$Holder.invokeStaticInit(java.lang.Object, java.lang.Object, java.lang.Object, java.lang.Object)'> (0x0000000085af5650) 
thrown [s\open\src\hotspot\share\interpreter\linkResolver.cpp, line 773]
Event: 18.816 Thread 0x000001777f642450 Implicit null exception at 0x0000017774d46c4f to 0x0000017774d470b8
Event: 20.200 Thread 0x000001777f642450 Exception <a 'java/lang/NoSuchMethodError'{0x00000000839b2d20}: 'java.lang.Object java.lang.invoke.DirectMethodHandle$Holder.newInvokeSpecial(java.lang.Object, java.lang.Object, int, java.lang.Object, java.lang.Object)'> (0x00000000839b2d20) 
thrown [s\open\src\hotspot\share\interpreter\linkResolver.cpp, line 773]
Event: 39.929 Thread 0x0000017747c41e60 Exception <a 'java/lang/NoSuchMethodError'{0x00000000836442a8}: 'java.lang.Object java.lang.invoke.DirectMethodHandle$Holder.invokeStatic(java.lang.Object, java.lang.Object, java.lang.Object, int, int)'> (0x00000000836442a8) 
thrown [s\open\src\hotspot\share\interpreter\linkResolver.cpp, line 773]
Event: 39.931 Thread 0x0000017747c41e60 Exception <a 'java/lang/NoSuchMethodError'{0x0000000083647a58}: 'java.lang.Object java.lang.invoke.DirectMethodHandle$Holder.invokeStaticInit(java.lang.Object, java.lang.Object, java.lang.Object, int, int)'> (0x0000000083647a58) 
thrown [s\open\src\hotspot\share\interpreter\linkResolver.cpp, line 773]
Event: 40.401 Thread 0x0000017748312050 Exception <a 'java/lang/NoSuchMethodError'{0x0000000083581880}: 'java.lang.Object java.lang.invoke.DirectMethodHandle$Holder.invokeSpecial(java.lang.Object, java.lang.Object, java.lang.Object, java.lang.Object, java.lang.Object, long)'> (0x0000000083581880) 
thrown [s\open\src\hotspot\share\interpreter\linkResolver.cpp, line 773]
Event: 40.403 Thread 0x0000017748312050 Exception <a 'java/lang/NoSuchMethodError'{0x0000000083585050}: 'java.lang.Object java.lang.invoke.Invokers$Holder.linkToTargetMethod(java.lang.Object, java.lang.Object, java.lang.Object, long, java.lang.Object)'> (0x0000000083585050) 
thrown [s\open\src\hotspot\share\interpreter\linkResolver.cpp, line 773]
Event: 42.456 Thread 0x0000017748313a90 Exception <a 'java/lang/NoSuchMethodError'{0x00000000837e5540}: 'java.lang.Object java.lang.invoke.DirectMethodHandle$Holder.invokeStatic(java.lang.Object, int, int)'> (0x00000000837e5540) 
thrown [s\open\src\hotspot\share\interpreter\linkResolver.cpp, line 773]
Event: 42.457 Thread 0x0000017748313400 Exception <a 'java/lang/NoSuchMethodError'{0x00000000837cf908}: 'java.lang.Object java.lang.invoke.DirectMethodHandle$Holder.invokeStatic(java.lang.Object, int, int)'> (0x00000000837cf908) 
thrown [s\open\src\hotspot\share\interpreter\linkResolver.cpp, line 773]
Event: 42.459 Thread 0x00000177483147b0 Exception <a 'java/lang/NoSuchMethodError'{0x00000000837e0c00}: 'java.lang.Object java.lang.invoke.DirectMethodHandle$Holder.invokeStatic(java.lang.Object, int, int)'> (0x00000000837e0c00) 
thrown [s\open\src\hotspot\share\interpreter\linkResolver.cpp, line 773]
Event: 42.459 Thread 0x0000017748314e40 Exception <a 'java/lang/NoSuchMethodError'{0x000000008377cf88}: 'java.lang.Object java.lang.invoke.DirectMethodHandle$Holder.invokeStatic(java.lang.Object, int, int)'> (0x000000008377cf88) 
thrown [s\open\src\hotspot\share\interpreter\linkResolver.cpp, line 773]

ZGC Phase Switch (0 events):
No events

VM Operations (20 events):
Event: 42.988 Executing VM operation: Cleanup
Event: 42.988 Executing VM operation: Cleanup done
Event: 43.692 Executing VM operation: HandshakeAllThreads (Deoptimize)
Event: 43.692 Executing VM operation: HandshakeAllThreads (Deoptimize) done
Event: 44.702 Executing VM operation: Cleanup
Event: 44.702 Executing VM operation: Cleanup done
Event: 46.715 Executing VM operation: Cleanup
Event: 46.715 Executing VM operation: Cleanup done
Event: 47.720 Executing VM operation: Cleanup
Event: 47.720 Executing VM operation: Cleanup done
Event: 58.822 Executing VM operation: G1CollectForAllocation (G1 Evacuation Pause)
Event: 58.834 Executing VM operation: G1CollectForAllocation (G1 Evacuation Pause) done
Event: 60.344 Executing VM operation: HandshakeAllThreads (HandshakeForDeflation)
Event: 60.344 Executing VM operation: HandshakeAllThreads (HandshakeForDeflation) done
Event: 60.344 Executing VM operation: RendezvousGCThreads
Event: 60.344 Executing VM operation: RendezvousGCThreads done
Event: 70.424 Executing VM operation: Cleanup
Event: 70.433 Executing VM operation: Cleanup done
Event: 89.543 Executing VM operation: Cleanup
Event: 89.543 Executing VM operation: Cleanup done

Events (20 events):
Event: 20.090 Thread 0x0000017747c53560 Thread added: 0x0000017747c53560
Event: 20.109 Thread 0x0000017748048030 Thread added: 0x0000017748048030
Event: 20.150 Thread 0x0000017748048030 Thread exited: 0x0000017748048030
Event: 20.150 Thread 0x00000177483126e0 Thread added: 0x00000177483126e0
Event: 20.224 Thread 0x00000177483154d0 Thread added: 0x00000177483154d0
Event: 20.225 Thread 0x0000017748312d70 Thread added: 0x0000017748312d70
Event: 20.225 Thread 0x0000017748313400 Thread added: 0x0000017748313400
Event: 20.225 Thread 0x0000017748314e40 Thread added: 0x0000017748314e40
Event: 20.226 Thread 0x0000017748313a90 Thread added: 0x0000017748313a90
Event: 20.226 Thread 0x0000017748314120 Thread added: 0x0000017748314120
Event: 20.226 Thread 0x00000177483147b0 Thread added: 0x00000177483147b0
Event: 20.227 Thread 0x0000017748312050 Thread added: 0x0000017748312050
Event: 20.227 Thread 0x0000017747c417d0 Thread added: 0x0000017747c417d0
Event: 20.227 Thread 0x0000017747c41140 Thread added: 0x0000017747c41140
Event: 20.267 Thread 0x0000017747c3fd90 Thread added: 0x0000017747c3fd90
Event: 20.272 Thread 0x0000017747c41e60 Thread added: 0x0000017747c41e60
Event: 20.706 Thread 0x000001777f642450 Thread exited: 0x000001777f642450
Event: 20.716 Thread 0x000001777f641df0 Thread exited: 0x000001777f641df0
Event: 20.717 Thread 0x0000017764c306b0 Thread exited: 0x0000017764c306b0
Event: 20.717 Thread 0x0000017747c3b560 Thread added: 0x0000017747c3b560


Dynamic libraries:
0x00007ff7eed30000 - 0x00007ff7eed40000 	C:\Program Files\Java\jdk-21\bin\java.exe
0x00007ff856e80000 - 0x00007ff857089000 	C:\Windows\SYSTEM32\ntdll.dll
0x00007ff855a20000 - 0x00007ff855add000 	C:\Windows\System32\KERNEL32.DLL
0x00007ff854640000 - 0x00007ff8549c4000 	C:\Windows\System32\KERNELBASE.dll
0x00007ff854bb0000 - 0x00007ff854cc1000 	C:\Windows\System32\ucrtbase.dll
0x00007ff836a40000 - 0x00007ff836a59000 	C:\Program Files\Java\jdk-21\bin\jli.dll
0x00007ff856bf0000 - 0x00007ff856c9e000 	C:\Windows\System32\ADVAPI32.dll
0x00007ff8567a0000 - 0x00007ff856843000 	C:\Windows\System32\msvcrt.dll
0x00007ff855b90000 - 0x00007ff855c2e000 	C:\Windows\System32\sechost.dll
0x00007ff855000000 - 0x00007ff855121000 	C:\Windows\System32\RPCRT4.dll
0x00007ff8568e0000 - 0x00007ff856a8d000 	C:\Windows\System32\USER32.dll
0x00007ff8549d0000 - 0x00007ff8549f6000 	C:\Windows\System32\win32u.dll
0x00007ff8560e0000 - 0x00007ff85610a000 	C:\Windows\System32\GDI32.dll
0x00007ff854520000 - 0x00007ff85463e000 	C:\Windows\System32\gdi32full.dll
0x00007ff854480000 - 0x00007ff85451d000 	C:\Windows\System32\msvcp_win.dll
0x00007ff83b7e0000 - 0x00007ff83ba85000 	C:\Windows\WinSxS\amd64_microsoft.windows.common-controls_6595b64144ccf1df_6.0.22000.120_none_9d947278b86cc467\COMCTL32.dll
0x00007ff849a00000 - 0x00007ff849a0a000 	C:\Windows\SYSTEM32\VERSION.dll
0x00007ff836a20000 - 0x00007ff836a3b000 	C:\Program Files\Java\jdk-21\bin\VCRUNTIME140.dll
0x00007ff856760000 - 0x00007ff856791000 	C:\Windows\System32\IMM32.DLL
0x00007ff82ebb0000 - 0x00007ff82ebbc000 	C:\Program Files\Java\jdk-21\bin\vcruntime140_1.dll
0x00007fffaacf0000 - 0x00007fffaad7e000 	C:\Program Files\Java\jdk-21\bin\msvcp140.dll
0x00007fff99c00000 - 0x00007fff9a91a000 	C:\Program Files\Java\jdk-21\bin\server\jvm.dll
0x00007ff856200000 - 0x00007ff85626f000 	C:\Windows\System32\WS2_32.dll
0x00007ff8541e0000 - 0x00007ff85422d000 	C:\Windows\SYSTEM32\POWRPROF.dll
0x00007ff849310000 - 0x00007ff849343000 	C:\Windows\SYSTEM32\WINMM.dll
0x00007ff8541c0000 - 0x00007ff8541d3000 	C:\Windows\SYSTEM32\UMPDC.dll
0x00007ff853340000 - 0x00007ff853358000 	C:\Windows\SYSTEM32\kernel.appcore.dll
0x00007fffd6ce0000 - 0x00007fffd6cea000 	C:\Program Files\Java\jdk-21\bin\jimage.dll
0x00007ff851fe0000 - 0x00007ff852201000 	C:\Windows\SYSTEM32\DBGHELP.DLL
0x00007ff83bcc0000 - 0x00007ff83bcf1000 	C:\Windows\SYSTEM32\dbgcore.DLL
0x00007ff854b30000 - 0x00007ff854baf000 	C:\Windows\System32\bcryptPrimitives.dll
0x00007fffd6cd0000 - 0x00007fffd6cdf000 	C:\Program Files\Java\jdk-21\bin\instrument.dll
0x00007fffc4080000 - 0x00007fffc409f000 	C:\Program Files\Java\jdk-21\bin\java.dll
0x00007ff855250000 - 0x00007ff855a15000 	C:\Windows\System32\SHELL32.dll
0x00007ff8523a0000 - 0x00007ff852c02000 	C:\Windows\SYSTEM32\windows.storage.dll
0x00007ff855d30000 - 0x00007ff8560a6000 	C:\Windows\System32\combase.dll
0x00007ff852230000 - 0x00007ff852397000 	C:\Windows\SYSTEM32\wintypes.dll
0x00007ff856110000 - 0x00007ff8561fa000 	C:\Windows\System32\SHCORE.dll
0x00007ff854f40000 - 0x00007ff854f9d000 	C:\Windows\System32\shlwapi.dll
0x00007ff854240000 - 0x00007ff854265000 	C:\Windows\SYSTEM32\profapi.dll
0x00007fffaab30000 - 0x00007fffaac07000 	C:\Program Files\Java\jdk-21\bin\jsvml.dll
0x00007fffc4060000 - 0x00007fffc4078000 	C:\Program Files\Java\jdk-21\bin\zip.dll
0x00007fffd6cc0000 - 0x00007fffd6cd0000 	C:\Program Files\Java\jdk-21\bin\net.dll
0x00007ff848140000 - 0x00007ff848254000 	C:\Windows\SYSTEM32\WINHTTP.dll
0x00007ff8537e0000 - 0x00007ff853847000 	C:\Windows\system32\mswsock.dll
0x00007fffaaac0000 - 0x00007fffaaad6000 	C:\Program Files\Java\jdk-21\bin\nio.dll
0x00007fffaaaa0000 - 0x00007fffaaaba000 	C:\Program Files\JetBrains\IntelliJ IDEA Community Edition 2024.3.2.2\bin\breakgen64.dll
0x00007fffc4050000 - 0x00007fffc4059000 	C:\Program Files\Java\jdk-21\bin\extnet.dll
0x00007ff831790000 - 0x00007ff83179a000 	C:\Program Files\Java\jdk-21\bin\management.dll
0x00007ff831780000 - 0x00007ff83178b000 	C:\Program Files\Java\jdk-21\bin\management_ext.dll
0x00007ff8560c0000 - 0x00007ff8560c8000 	C:\Windows\System32\PSAPI.DLL
0x00007fffbaa90000 - 0x00007fffbaa9e000 	C:\Program Files\Java\jdk-21\bin\sunmscapi.dll
0x00007ff854310000 - 0x00007ff854472000 	C:\Windows\System32\CRYPT32.dll
0x00007ff853c30000 - 0x00007ff853c58000 	C:\Windows\SYSTEM32\ncrypt.dll
0x00007ff853bf0000 - 0x00007ff853c27000 	C:\Windows\SYSTEM32\NTASN1.dll
0x00007ff853b20000 - 0x00007ff853b38000 	C:\Windows\SYSTEM32\CRYPTSP.dll
0x00007ff8532a0000 - 0x00007ff8532d5000 	C:\Windows\system32\rsaenh.dll
0x00007ff853880000 - 0x00007ff8538ac000 	C:\Windows\SYSTEM32\USERENV.dll
0x00007ff853c60000 - 0x00007ff853c87000 	C:\Windows\SYSTEM32\bcrypt.dll
0x00007ff853a40000 - 0x00007ff853a4c000 	C:\Windows\SYSTEM32\CRYPTBASE.dll
0x00007ff852e60000 - 0x00007ff852e8d000 	C:\Windows\SYSTEM32\IPHLPAPI.DLL
0x00007ff8560d0000 - 0x00007ff8560d9000 	C:\Windows\System32\NSI.dll
0x00007ff838160000 - 0x00007ff838168000 	C:\Windows\system32\wshunix.dll

dbghelp: loaded successfully - version: 4.0.5 - missing functions: none
symbol engine: initialized successfully - sym options: 0x614 - pdb path: .;C:\Program Files\Java\jdk-21\bin;C:\Windows\SYSTEM32;C:\Windows\WinSxS\amd64_microsoft.windows.common-controls_6595b64144ccf1df_6.0.22000.120_none_9d947278b86cc467;C:\Program Files\Java\jdk-21\bin\server;C:\Program Files\JetBrains\IntelliJ IDEA Community Edition 2024.3.2.2\bin

VM Arguments:
jvm_args: -javaagent:C:\Program Files\JetBrains\IntelliJ IDEA Community Edition 2024.3.2.2\lib\idea_rt.jar=52227:C:\Program Files\JetBrains\IntelliJ IDEA Community Edition 2024.3.2.2\bin -Dfile.encoding=UTF-8 -Dsun.stdout.encoding=UTF-8 -Dsun.stderr.encoding=UTF-8 
java_command: in.ankitparmar.portfolio.PortfolioApplication
java_class_path (initial): E:\Ankit Portfolio\portfolio\portfolio\target\classes;C:\Users\HP\.m2\repository\org\springframework\boot\spring-boot-starter-thymeleaf\3.5.0\spring-boot-starter-thymeleaf-3.5.0.jar;C:\Users\HP\.m2\repository\org\springframework\boot\spring-boot-starter\3.5.0\spring-boot-starter-3.5.0.jar;C:\Users\HP\.m2\repository\org\springframework\boot\spring-boot-starter-logging\3.5.0\spring-boot-starter-logging-3.5.0.jar;C:\Users\HP\.m2\repository\ch\qos\logback\logback-classic\1.5.18\logback-classic-1.5.18.jar;C:\Users\HP\.m2\repository\ch\qos\logback\logback-core\1.5.18\logback-core-1.5.18.jar;C:\Users\HP\.m2\repository\org\apache\logging\log4j\log4j-to-slf4j\2.24.3\log4j-to-slf4j-2.24.3.jar;C:\Users\HP\.m2\repository\org\apache\logging\log4j\log4j-api\2.24.3\log4j-api-2.24.3.jar;C:\Users\HP\.m2\repository\org\slf4j\jul-to-slf4j\2.0.17\jul-to-slf4j-2.0.17.jar;C:\Users\HP\.m2\repository\jakarta\annotation\jakarta.annotation-api\2.1.1\jakarta.annotation-api-2.1.1.jar;C:\Users\HP\.m2\repository\org\springframework\spring-core\6.2.7\spring-core-6.2.7.jar;C:\Users\HP\.m2\repository\org\springframework\spring-jcl\6.2.7\spring-jcl-6.2.7.jar;C:\Users\HP\.m2\repository\org\yaml\snakeyaml\2.4\snakeyaml-2.4.jar;C:\Users\HP\.m2\repository\org\thymeleaf\thymeleaf-spring6\3.1.3.RELEASE\thymeleaf-spring6-3.1.3.RELEASE.jar;C:\Users\HP\.m2\repository\org\thymeleaf\thymeleaf\3.1.3.RELEASE\thymeleaf-3.1.3.RELEASE.jar;C:\Users\HP\.m2\repository\org\attoparser\attoparser\2.0.7.RELEASE\attoparser-2.0.7.RELEASE.jar;C:\Users\HP\.m2\repository\org\unbescape\unbescape\1.1.6.RELEASE\unbescape-1.1.6.RELEASE.jar;C:\Users\HP\.m2\repository\org\slf4j\slf4j-api\2.0.17\slf4j-api-2.0.17.jar;C:\Users\HP\.m2\repository\org\springframework\boot\spring-boot-starter-web\3.5.0\spring-boot-starter-web-3.5.0.jar;C:\Users\HP\.m2\repository\org\springframework\boot\spring-boot-starter-json\3.5.0\spring-boot-starter-json-3.5.0.jar;C:\Users\HP\.m2\repository\com\fasterxml\jackson\core\jackson-databind\2.19.0\jackson-databind-2.19.0.jar;C:\Users\HP\.m2\repository\com\fasterxml\jackson\core\jackson-annotations\2.19.0\jackson-annotations-2.19.0.jar;C:\Users\HP\.m2\repository\com\fasterxml\jackson\core\jackson-core\2.19.0\jackson-core-2.19.0.jar;C:\Users\HP\.m2\repository\com\fasterxml\jackson\datatype\jackson-datatype-jdk8\2.19.0\jackson-datatype-jdk8-2.19.0.jar;C:\Users\HP\.m2\repository\com\fasterxml\jackson\datatype\jackson-datatype-jsr310\2.19.0\jackson-datatype-jsr310-2.19.0.jar;C:\Users\HP\.m2\repository\com\fasterxml\jackson\module\jackson-module-parameter-names\2.19.0\jackson-module-parameter-names-2.19.0.jar;C:\Users\HP\.m2\repository\org\springframework\boot\spring-boot-starter-tomcat\3.5.0\spring-boot-starter-tomcat-3.5.0.jar;C:\Users\HP\.m2\repository\org\apache\tomcat\embed\tomcat-embed-core\10.1.41\tomcat-embed-core-10.1.41.jar;C:\Users\HP\.m2\repository\org\apache\tomcat\embed\tomcat-embed-el\10.1.41\tomcat-embed-el-10.1.41.jar;C:\Users\HP\.m2\repository\org\apache\tomcat\embed\tomcat-embed-websocket\10.1.41\tomcat-embed-websocket-10.1.41.jar;C:\Users\HP\.m2\repository\org\springframework\spring-web\6.2.7\spring-web-6.2.7.jar;C:\Users\HP\.m2\repository\org\springframework\spring-beans\6.2.7\spring-beans-6.2.7.jar;C:\Users\HP\.m2\repository\io\micrometer\micrometer-observation\1.15.0\micrometer-observation-1.15.0.jar;C:\Users\HP\.m2\repository\io\micrometer\micrometer-commons\1.15.0\micrometer-commons-1.15.0.jar;C:\Users\HP\.m2\repository\org\springframework\spring-webmvc\6.2.7\spring-webmvc-6.2.7.jar;C:\Users\HP\.m2\repository\org\springframework\spring-aop\6.2.7\spring-aop-6.2.7.jar;C:\Users\HP\.m2\repository\org\springframework\spring-context\6.2.7\spring-context-6.2.7.jar;C:\Users\HP\.m2\repository\org\springframework\spring-expression\6.2.7\spring-expression-6.2.7.jar;C:\Users\HP\.m2\repository\org\springframework\boot\spring-boot-devtools\3.5.0\spring-boot-devtools-3.5.0.jar;C:\Users\HP\.m2\repository\org\springframework\boot\spring-boot\3.5.0\spring-boot-3.5.0.jar;C:\Users\HP\.m2\repository\org\springframework\boot\spring-boot-autoconfigure\3.5.0\spring-boot-autoconfigure-3.5.0.jar
Launcher Type: SUN_STANDARD

[Global flags]
     intx CICompilerCount                          = 3                                         {product} {ergonomic}
     uint ConcGCThreads                            = 1                                         {product} {ergonomic}
     uint G1ConcRefinementThreads                  = 4                                         {product} {ergonomic}
   size_t G1HeapRegionSize                         = 1048576                                   {product} {ergonomic}
    uintx GCDrainStackTargetSize                   = 64                                        {product} {ergonomic}
   size_t InitialHeapSize                          = 134217728                                 {product} {ergonomic}
   size_t MarkStackSize                            = 4194304                                   {product} {ergonomic}
   size_t MaxHeapSize                              = 2118123520                                {product} {ergonomic}
   size_t MaxNewSize                               = 1270874112                                {product} {ergonomic}
   size_t MinHeapDeltaBytes                        = 1048576                                   {product} {ergonomic}
   size_t MinHeapSize                              = 8388608                                   {product} {ergonomic}
    uintx NonNMethodCodeHeapSize                   = 5832780                                {pd product} {ergonomic}
    uintx NonProfiledCodeHeapSize                  = 122912730                              {pd product} {ergonomic}
    uintx ProfiledCodeHeapSize                     = 122912730                              {pd product} {ergonomic}
    uintx ReservedCodeCacheSize                    = 251658240                              {pd product} {ergonomic}
     bool SegmentedCodeCache                       = true                                      {product} {ergonomic}
   size_t SoftMaxHeapSize                          = 2118123520                             {manageable} {ergonomic}
     bool UseCompressedOops                        = true                           {product lp64_product} {ergonomic}
     bool UseG1GC                                  = true                                      {product} {ergonomic}
     bool UseLargePagesIndividualAllocation        = false                                  {pd product} {ergonomic}

Logging:
Log output configuration:
 #0: stdout all=warning uptime,level,tags foldmultilines=false
 #1: stderr all=off uptime,level,tags foldmultilines=false

Environment Variables:
PATH=C:\Program Files\Microsoft\jdk-17.0.15.6-hotspot\bin;C:\Program Files (x86)\VMware\VMware Workstation\bin\;C:\Program Files\Common Files\Oracle\Java\javapath;C:\Program Files (x86)\Common Files\Oracle\Java\javapath;C:\Windows\system32;C:\Windows;C:\Windows\System32\Wbem;C:\Windows\System32\WindowsPowerShell\v1.0\;C:\Windows\System32\OpenSSH\;C:\Program Files\Java\jdk-19\bin;C:\Program Files\MySQL\MySQL Server 8.0\bin;C:\Program Files (x86)\Microsoft SQL Server\160\DTS\Binn\;C:\Program Files\Azure Data Studio\bin;C:\Program Files (x86)\Microsoft SQL Server\160\Tools\Binn\;C:\Program Files\Microsoft SQL Server\160\Tools\Binn\;C:\Program Files\Microsoft SQL Server\Client SDK\ODBC\170\Tools\Binn\;C:\Program Files\Microsoft SQL Server\160\DTS\Binn\;C:\Program Files\dotnet\;C:\Program Files\maven\maven-mvnd-1.0.2-windows-amd64\maven-mvnd-1.0.2-windows-amd64\bin;C:\Program Files\nodejs\;C:\Users\HP\Downloads\apache-maven-3.9.9-bin\apache-maven-3.9.9\bin;C:\Program Files\Git\cmd;C:\Program Files\Docker\Docker\resources\bin;C:\Users\HP\AppData\Local\Programs\Python\Python311\Scripts\;C:\Users\HP\AppData\Local\Programs\Python\Python311\;C:\Users\HP\AppData\Local\Microsoft\WindowsApps;C:\Users\HP\AppData\Local\Programs\Microsoft VS Code\bin;C:\Program Files\Azure Data Studio\bin;C:\Program Files\JetBrains\IntelliJ IDEA Community Edition 2024.3.2.2\bin;;C:\Users\HP\AppData\Local\GitHubDesktop\bin;C:\Users\HP\.dotnet\tools;C:\Users\HP\AppData\Roaming\npm;C:\Program Files\nodejs;C:\Users\HP\Downloads\apache-maven-3.9.9-bin;
USERNAME=HP
OS=Windows_NT
PROCESSOR_IDENTIFIER=Intel64 Family 6 Model 78 Stepping 3, GenuineIntel
TMP=C:\Users\HP\AppData\Local\Temp
TEMP=C:\Users\HP\AppData\Local\Temp




Periodic native trim disabled

---------------  S Y S T E M  ---------------

OS:
 Windows 11 , 64 bit Build 22000 (10.0.22000.2538)
OS uptime: 0 days 0:10 hours
Hyper-V role detected

CPU: total 4 (initial active 4) (2 cores per cpu, 2 threads per core) family 6 model 78 stepping 3 microcode 0xd6, cx8, cmov, fxsr, ht, mmx, 3dnowpref, sse, sse2, sse3, ssse3, sse4.1, sse4.2, popcnt, lzcnt, tsc, tscinvbit, avx, avx2, aes, erms, clmul, bmi1, bmi2, rtm, adx, fma, vzeroupper, clflush, clflushopt, hv, rdtscp, f16c
Processor Information for processor 0
  Max Mhz: 2808, Current Mhz: 1504, Mhz Limit: 2583
Processor Information for processor 1
  Max Mhz: 2808, Current Mhz: 2607, Mhz Limit: 2583
Processor Information for processor 2
  Max Mhz: 2808, Current Mhz: 1504, Mhz Limit: 2583
Processor Information for processor 3
  Max Mhz: 2808, Current Mhz: 2607, Mhz Limit: 2583

Memory: 4k page, system-wide physical 8072M (331M free)
TotalPageFile size 10120M (AvailPageFile size 25M)
current process WorkingSet (physical memory assigned to process): 143M, peak: 177M
current process commit charge ("private bytes"): 171M, peak: 265M

vm_info: Java HotSpot(TM) 64-Bit Server VM (21.0.7+8-LTS-245) for windows-amd64 JRE (21.0.7+8-LTS-245), built on 2025-02-21T05:11:27Z by "mach5one" with MS VC++ 17.6 (VS2022)

END.
